0 verbose cli /usr/local/bin/node /usr/local/bin/npm
1 info using npm@10.9.4
2 info using node@v22.21.0
3 silly config load:file:/usr/local/lib/node_modules/npm/npmrc
4 silly config load:file:/Users/mypro/Library/Caches/typescript/5.9/.npmrc
5 silly config load:file:/Users/mypro/.npmrc
6 silly config load:file:/usr/local/etc/npmrc
7 verbose title npm install types-registry@latest
8 verbose argv "install" "--ignore-scripts" "types-registry@latest"
9 verbose logfile logs-max:10 dir:/Users/mypro/Downloads/EnjoyMath/frontend/.npm-cache/_logs/2025-11-24T08_28_04_131Z-
10 verbose logfile /Users/mypro/Downloads/EnjoyMath/frontend/.npm-cache/_logs/2025-11-24T08_28_04_131Z-debug-0.log
11 silly logfile done cleaning log files
12 silly packumentCache heap:4345298944 maxSize:1086324736 maxEntrySize:543162368
13 silly packumentCache corgi:https://registry.npmjs.org/types-registry cache-miss
14 http fetch GET 200 https://registry.npmjs.org/npm 1484ms
15 http fetch GET 200 https://registry.npmjs.org/types-registry 1437ms (cache miss)
16 silly packumentCache corgi:https://registry.npmjs.org/types-registry set size:undefined disposed:false
17 silly idealTree buildDeps
18 silly fetch manifest types-registry@0.1.747
19 silly packumentCache full:https://registry.npmjs.org/types-registry cache-miss
20 http fetch GET 200 https://registry.npmjs.org/types-registry 312ms (cache miss)
21 silly packumentCache full:https://registry.npmjs.org/types-registry set size:undefined disposed:false
22 silly placeDep ROOT types-registry@0.1.747 REPLACE for:  want: 0.1.747
23 silly reify mark retired [
23 silly reify   '/Users/mypro/Library/Caches/typescript/5.9/node_modules/types-registry'
23 silly reify ]
24 silly reify moves {
24 silly reify   '/Users/mypro/Library/Caches/typescript/5.9/node_modules/types-registry': '/Users/mypro/Library/Caches/typescript/5.9/node_modules/.types-registry-qVmDIXSc'
24 silly reify }
25 silly audit bulk request {
25 silly audit   '@types/react': [ '19.2.2' ],
25 silly audit   csstype: [ '3.1.3' ],
25 silly audit   'types-registry': [ '0.1.747' ]
25 silly audit }
26 http cache types-registry@https://registry.npmjs.org/types-registry/-/types-registry-0.1.747.tgz 1ms (cache hit)
27 silly tarball no local data for types-registry@https://registry.npmjs.org/types-registry/-/types-registry-0.1.747.tgz. Extracting by manifest.
28 http fetch POST 200 https://registry.npmjs.org/-/npm/v1/security/advisories/bulk 246ms
29 silly audit report {}
30 http fetch GET 200 https://registry.npmjs.org/types-registry/-/types-registry-0.1.747.tgz 288ms (cache miss)
31 silly CHANGE node_modules/types-registry
32 verbose cwd /Users/mypro/Library/Caches/typescript/5.9
33 verbose os Darwin 21.6.0
34 verbose node v22.21.0
35 verbose npm  v10.9.4
36 notice
36 notice New major version of npm available! 10.9.4 -> 11.6.3
36 notice Changelog: https://github.com/npm/cli/releases/tag/v11.6.3
36 notice To update run: npm install -g npm@11.6.3
36 notice  { force: true, [Symbol(proc-log.meta)]: true }
37 verbose exit 0
38 info ok
